# JRE version: OpenJDK Runtime Environment (8.0_131-b11) (build 1.8.0_131-8u131-b11-2ubuntu1.16.04.3-b11)
# Java VM: OpenJDK 64-Bit Server VM (25.131-b11 mixed mode linux-amd64 compressed oops)
Heap:
 PSYoungGen      total 67072K, used 5100K [0x00000000eb700000, 0x00000000eff00000, 0x0000000100000000)
  eden space 61952K, 0% used [0x00000000eb700000,0x00000000eb700000,0x00000000ef380000)
  from space 5120K, 99% used [0x00000000ef380000,0x00000000ef87b2d8,0x00000000ef880000)
  to   space 3584K, 0% used [0x00000000ef880000,0x00000000ef880000,0x00000000efc00000)
 ParOldGen       total 42496K, used 4981K [0x00000000c2400000, 0x00000000c4d80000, 0x00000000eb700000)
  object space 42496K, 11% used [0x00000000c2400000,0x00000000c28dd640,0x00000000c4d80000)
 Metaspace       used 20914K, capacity 21112K, committed 21296K, reserved 1069056K
  class space    used 2562K, capacity 2646K, committed 2688K, reserved 1048576K
GC Heap History (10 events):
Event: 1,840 GC heap after
Heap after GC invocations=2 (full 0):
 PSYoungGen      total 18432K, used 2453K [0x00000000eb700000, 0x00000000ecb80000, 0x0000000100000000)
  eden space 15872K, 0% used [0x00000000eb700000,0x00000000eb700000,0x00000000ec680000)
  from space 2560K, 95% used [0x00000000ec900000,0x00000000ecb65730,0x00000000ecb80000)
  to   space 2560K, 0% used [0x00000000ec680000,0x00000000ec680000,0x00000000ec900000)
 ParOldGen       total 42496K, used 16K [0x00000000c2400000, 0x00000000c4d80000, 0x00000000eb700000)
  object space 42496K, 0% used [0x00000000c2400000,0x00000000c2404000,0x00000000c4d80000)
 Metaspace       used 6969K, capacity 7126K, committed 7296K, reserved 1056768K
  class space    used 798K, capacity 821K, committed 896K, reserved 1048576K
}
Event: 2,159 GC heap before
{Heap before GC invocations=3 (full 0):
 PSYoungGen      total 18432K, used 18325K [0x00000000eb700000, 0x00000000ecb80000, 0x0000000100000000)
  eden space 15872K, 100% used [0x00000000eb700000,0x00000000ec680000,0x00000000ec680000)
  from space 2560K, 95% used [0x00000000ec900000,0x00000000ecb65730,0x00000000ecb80000)
  to   space 2560K, 0% used [0x00000000ec680000,0x00000000ec680000,0x00000000ec900000)
 ParOldGen       total 42496K, used 16K [0x00000000c2400000, 0x00000000c4d80000, 0x00000000eb700000)
  object space 42496K, 0% used [0x00000000c2400000,0x00000000c2404000,0x00000000c4d80000)
 Metaspace       used 8074K, capacity 8188K, committed 8448K, reserved 1056768K
  class space    used 952K, capacity 982K, committed 1024K, reserved 1048576K
Event: 2,177 GC heap after
Heap after GC invocations=3 (full 0):
 PSYoungGen      total 18432K, used 2550K [0x00000000eb700000, 0x00000000edb00000, 0x0000000100000000)
  eden space 15872K, 0% used [0x00000000eb700000,0x00000000eb700000,0x00000000ec680000)
  from space 2560K, 99% used [0x00000000ec680000,0x00000000ec8fd980,0x00000000ec900000)
  to   space 2560K, 0% used [0x00000000ed880000,0x00000000ed880000,0x00000000edb00000)
 ParOldGen       total 42496K, used 239K [0x00000000c2400000, 0x00000000c4d80000, 0x00000000eb700000)
  object space 42496K, 0% used [0x00000000c2400000,0x00000000c243bd38,0x00000000c4d80000)
 Metaspace       used 8074K, capacity 8188K, committed 8448K, reserved 1056768K
  class space    used 952K, capacity 982K, committed 1024K, reserved 1048576K
}
Event: 2,712 GC heap before
{Heap before GC invocations=4 (full 0):
 PSYoungGen      total 18432K, used 18422K [0x00000000eb700000, 0x00000000edb00000, 0x0000000100000000)
  eden space 15872K, 100% used [0x00000000eb700000,0x00000000ec680000,0x00000000ec680000)
  from space 2560K, 99% used [0x00000000ec680000,0x00000000ec8fd980,0x00000000ec900000)
  to   space 2560K, 0% used [0x00000000ed880000,0x00000000ed880000,0x00000000edb00000)
 ParOldGen       total 42496K, used 239K [0x00000000c2400000, 0x00000000c4d80000, 0x00000000eb700000)
  object space 42496K, 0% used [0x00000000c2400000,0x00000000c243bd38,0x00000000c4d80000)
 Metaspace       used 9491K, capacity 9666K, committed 9984K, reserved 1058816K
  class space    used 1131K, capacity 1175K, committed 1280K, reserved 1048576K
Event: 2,720 GC heap after
Heap after GC invocations=4 (full 0):
 PSYoungGen      total 34304K, used 2549K [0x00000000eb700000, 0x00000000edb00000, 0x0000000100000000)
  eden space 31744K, 0% used [0x00000000eb700000,0x00000000eb700000,0x00000000ed600000)
  from space 2560K, 99% used [0x00000000ed880000,0x00000000edafd4b8,0x00000000edb00000)
  to   space 2560K, 0% used [0x00000000ed600000,0x00000000ed600000,0x00000000ed880000)
 ParOldGen       total 42496K, used 822K [0x00000000c2400000, 0x00000000c4d80000, 0x00000000eb700000)
  object space 42496K, 1% used [0x00000000c2400000,0x00000000c24cd9e8,0x00000000c4d80000)
 Metaspace       used 9491K, capacity 9666K, committed 9984K, reserved 1058816K
  class space    used 1131K, capacity 1175K, committed 1280K, reserved 1048576K
}
Event: 2,908 GC heap before
{Heap before GC invocations=5 (full 0):
 PSYoungGen      total 34304K, used 34283K [0x00000000eb700000, 0x00000000edb00000, 0x0000000100000000)
  eden space 31744K, 99% used [0x00000000eb700000,0x00000000ed5fd8b0,0x00000000ed600000)
  from space 2560K, 99% used [0x00000000ed880000,0x00000000edafd4b8,0x00000000edb00000)
  to   space 2560K, 0% used [0x00000000ed600000,0x00000000ed600000,0x00000000ed880000)
 ParOldGen       total 42496K, used 822K [0x00000000c2400000, 0x00000000c4d80000, 0x00000000eb700000)
  object space 42496K, 1% used [0x00000000c2400000,0x00000000c24cd9e8,0x00000000c4d80000)
 Metaspace       used 9922K, capacity 10082K, committed 10240K, reserved 1058816K
  class space    used 1188K, capacity 1207K, committed 1280K, reserved 1048576K
Event: 2,918 GC heap after
Heap after GC invocations=5 (full 0):
 PSYoungGen      total 34304K, used 2556K [0x00000000eb700000, 0x00000000efc00000, 0x0000000100000000)
  eden space 31744K, 0% used [0x00000000eb700000,0x00000000eb700000,0x00000000ed600000)
  from space 2560K, 99% used [0x00000000ed600000,0x00000000ed87f118,0x00000000ed880000)
  to   space 3584K, 0% used [0x00000000ef880000,0x00000000ef880000,0x00000000efc00000)
 ParOldGen       total 42496K, used 1117K [0x00000000c2400000, 0x00000000c4d80000, 0x00000000eb700000)
  object space 42496K, 2% used [0x00000000c2400000,0x00000000c2517550,0x00000000c4d80000)
 Metaspace       used 9922K, capacity 10082K, committed 10240K, reserved 1058816K
  class space    used 1188K, capacity 1207K, committed 1280K, reserved 1048576K
}
Event: 3,988 GC heap before
{Heap before GC invocations=6 (full 0):
 PSYoungGen      total 34304K, used 34300K [0x00000000eb700000, 0x00000000efc00000, 0x0000000100000000)
  eden space 31744K, 100% used [0x00000000eb700000,0x00000000ed600000,0x00000000ed600000)
  from space 2560K, 99% used [0x00000000ed600000,0x00000000ed87f118,0x00000000ed880000)
  to   space 3584K, 0% used [0x00000000ef880000,0x00000000ef880000,0x00000000efc00000)
 ParOldGen       total 42496K, used 1117K [0x00000000c2400000, 0x00000000c4d80000, 0x00000000eb700000)
  object space 42496K, 2% used [0x00000000c2400000,0x00000000c2517550,0x00000000c4d80000)
 Metaspace       used 15541K, capacity 15762K, committed 16128K, reserved 1062912K
  class space    used 1879K, capacity 1951K, committed 2048K, reserved 1048576K
Event: 4,033 GC heap after
Heap after GC invocations=6 (full 0):
 PSYoungGen      total 65536K, used 3555K [0x00000000eb700000, 0x00000000eff00000, 0x0000000100000000)
  eden space 61952K, 0% used [0x00000000eb700000,0x00000000eb700000,0x00000000ef380000)
  from space 3584K, 99% used [0x00000000ef880000,0x00000000efbf8e98,0x00000000efc00000)
  to   space 5120K, 0% used [0x00000000ef380000,0x00000000ef380000,0x00000000ef880000)
 ParOldGen       total 42496K, used 2441K [0x00000000c2400000, 0x00000000c4d80000, 0x00000000eb700000)
  object space 42496K, 5% used [0x00000000c2400000,0x00000000c26627a0,0x00000000c4d80000)
 Metaspace       used 15541K, capacity 15762K, committed 16128K, reserved 1062912K
  class space    used 1879K, capacity 1951K, committed 2048K, reserved 1048576K
}
Event: 5,415 GC heap before
{Heap before GC invocations=7 (full 0):
 PSYoungGen      total 65536K, used 44042K [0x00000000eb700000, 0x00000000eff00000, 0x0000000100000000)
  eden space 61952K, 65% used [0x00000000eb700000,0x00000000ede899f0,0x00000000ef380000)
  from space 3584K, 99% used [0x00000000ef880000,0x00000000efbf8e98,0x00000000efc00000)
  to   space 5120K, 0% used [0x00000000ef380000,0x00000000ef380000,0x00000000ef880000)
 ParOldGen       total 42496K, used 2441K [0x00000000c2400000, 0x00000000c4d80000, 0x00000000eb700000)
  object space 42496K, 5% used [0x00000000c2400000,0x00000000c26627a0,0x00000000c4d80000)
 Metaspace       used 20914K, capacity 21112K, committed 21296K, reserved 1069056K
  class space    used 2562K, capacity 2646K, committed 2688K, reserved 1048576K

