# JRE version: OpenJDK Runtime Environment (8.0_131-b11) (build 1.8.0_131-8u131-b11-2ubuntu1.16.04.3-b11)
# Java VM: OpenJDK 64-Bit Server VM (25.131-b11 mixed mode linux-amd64 compressed oops)
Heap:
 PSYoungGen      total 133632K, used 6627K [0x00000000eb700000, 0x00000000f4000000, 0x0000000100000000)
  eden space 126976K, 0% used [0x00000000eb700000,0x00000000eb700000,0x00000000f3300000)
  from space 6656K, 99% used [0x00000000f3300000,0x00000000f3978e20,0x00000000f3980000)
  to   space 6144K, 0% used [0x00000000f3a00000,0x00000000f3a00000,0x00000000f4000000)
 ParOldGen       total 33280K, used 11633K [0x00000000c2400000, 0x00000000c4480000, 0x00000000eb700000)
  object space 33280K, 34% used [0x00000000c2400000,0x00000000c2f5c400,0x00000000c4480000)
 Metaspace       used 28897K, capacity 29218K, committed 29568K, reserved 1075200K
  class space    used 3563K, capacity 3659K, committed 3712K, reserved 1048576K
GC Heap History (10 events):
Event: 3,285 GC heap after
Heap after GC invocations=3 (full 0):
 PSYoungGen      total 34304K, used 2533K [0x00000000eb700000, 0x00000000efa00000, 0x0000000100000000)
  eden space 31744K, 0% used [0x00000000eb700000,0x00000000eb700000,0x00000000ed600000)
  from space 2560K, 98% used [0x00000000ed600000,0x00000000ed8796b0,0x00000000ed880000)
  to   space 2560K, 0% used [0x00000000ef780000,0x00000000ef780000,0x00000000efa00000)
 ParOldGen       total 42496K, used 1442K [0x00000000c2400000, 0x00000000c4d80000, 0x00000000eb700000)
  object space 42496K, 3% used [0x00000000c2400000,0x00000000c2568a10,0x00000000c4d80000)
 Metaspace       used 9354K, capacity 9506K, committed 9600K, reserved 1058816K
  class space    used 1107K, capacity 1143K, committed 1152K, reserved 1048576K
}
Event: 3,465 GC heap before
{Heap before GC invocations=4 (full 0):
 PSYoungGen      total 34304K, used 34266K [0x00000000eb700000, 0x00000000efa00000, 0x0000000100000000)
  eden space 31744K, 99% used [0x00000000eb700000,0x00000000ed5fd418,0x00000000ed600000)
  from space 2560K, 98% used [0x00000000ed600000,0x00000000ed8796b0,0x00000000ed880000)
  to   space 2560K, 0% used [0x00000000ef780000,0x00000000ef780000,0x00000000efa00000)
 ParOldGen       total 42496K, used 1442K [0x00000000c2400000, 0x00000000c4d80000, 0x00000000eb700000)
  object space 42496K, 3% used [0x00000000c2400000,0x00000000c2568a10,0x00000000c4d80000)
 Metaspace       used 9946K, capacity 10082K, committed 10240K, reserved 1058816K
  class space    used 1191K, capacity 1207K, committed 1280K, reserved 1048576K
Event: 3,471 GC heap after
Heap after GC invocations=4 (full 0):
 PSYoungGen      total 66048K, used 2553K [0x00000000eb700000, 0x00000000efa00000, 0x0000000100000000)
  eden space 63488K, 0% used [0x00000000eb700000,0x00000000eb700000,0x00000000ef500000)
  from space 2560K, 99% used [0x00000000ef780000,0x00000000ef9fe538,0x00000000efa00000)
  to   space 2560K, 0% used [0x00000000ef500000,0x00000000ef500000,0x00000000ef780000)
 ParOldGen       total 42496K, used 1777K [0x00000000c2400000, 0x00000000c4d80000, 0x00000000eb700000)
  object space 42496K, 4% used [0x00000000c2400000,0x00000000c25bc578,0x00000000c4d80000)
 Metaspace       used 9946K, capacity 10082K, committed 10240K, reserved 1058816K
  class space    used 1191K, capacity 1207K, committed 1280K, reserved 1048576K
}
Event: 6,061 GC heap before
{Heap before GC invocations=5 (full 0):
 PSYoungGen      total 66048K, used 66041K [0x00000000eb700000, 0x00000000efa00000, 0x0000000100000000)
  eden space 63488K, 100% used [0x00000000eb700000,0x00000000ef500000,0x00000000ef500000)
  from space 2560K, 99% used [0x00000000ef780000,0x00000000ef9fe538,0x00000000efa00000)
  to   space 2560K, 0% used [0x00000000ef500000,0x00000000ef500000,0x00000000ef780000)
 ParOldGen       total 42496K, used 1777K [0x00000000c2400000, 0x00000000c4d80000, 0x00000000eb700000)
  object space 42496K, 4% used [0x00000000c2400000,0x00000000c25bc578,0x00000000c4d80000)
 Metaspace       used 19337K, capacity 19576K, committed 19968K, reserved 1067008K
  class space    used 2378K, capacity 2454K, committed 2560K, reserved 1048576K
Event: 6,090 GC heap after
Heap after GC invocations=5 (full 0):
 PSYoungGen      total 66048K, used 2549K [0x00000000eb700000, 0x00000000f4100000, 0x0000000100000000)
  eden space 63488K, 0% used [0x00000000eb700000,0x00000000eb700000,0x00000000ef500000)
  from space 2560K, 99% used [0x00000000ef500000,0x00000000ef77d6e0,0x00000000ef780000)
  to   space 7168K, 0% used [0x00000000f3a00000,0x00000000f3a00000,0x00000000f4100000)
 ParOldGen       total 42496K, used 6828K [0x00000000c2400000, 0x00000000c4d80000, 0x00000000eb700000)
  object space 42496K, 16% used [0x00000000c2400000,0x00000000c2aab150,0x00000000c4d80000)
 Metaspace       used 19337K, capacity 19576K, committed 19968K, reserved 1067008K
  class space    used 2378K, capacity 2454K, committed 2560K, reserved 1048576K
}
Event: 6,495 GC heap before
{Heap before GC invocations=6 (full 0):
 PSYoungGen      total 66048K, used 12570K [0x00000000eb700000, 0x00000000f4100000, 0x0000000100000000)
  eden space 63488K, 15% used [0x00000000eb700000,0x00000000ec0c9278,0x00000000ef500000)
  from space 2560K, 99% used [0x00000000ef500000,0x00000000ef77d6e0,0x00000000ef780000)
  to   space 7168K, 0% used [0x00000000f3a00000,0x00000000f3a00000,0x00000000f4100000)
 ParOldGen       total 42496K, used 6828K [0x00000000c2400000, 0x00000000c4d80000, 0x00000000eb700000)
  object space 42496K, 16% used [0x00000000c2400000,0x00000000c2aab150,0x00000000c4d80000)
 Metaspace       used 20907K, capacity 21112K, committed 21296K, reserved 1069056K
  class space    used 2555K, capacity 2646K, committed 2688K, reserved 1048576K
Event: 6,502 GC heap after
Heap after GC invocations=6 (full 0):
 PSYoungGen      total 133120K, used 4048K [0x00000000eb700000, 0x00000000f4000000, 0x0000000100000000)
  eden space 126976K, 0% used [0x00000000eb700000,0x00000000eb700000,0x00000000f3300000)
  from space 6144K, 65% used [0x00000000f3a00000,0x00000000f3df4100,0x00000000f4000000)
  to   space 6656K, 0% used [0x00000000f3300000,0x00000000f3300000,0x00000000f3980000)
 ParOldGen       total 42496K, used 6828K [0x00000000c2400000, 0x00000000c4d80000, 0x00000000eb700000)
  object space 42496K, 16% used [0x00000000c2400000,0x00000000c2aab150,0x00000000c4d80000)
 Metaspace       used 20907K, capacity 21112K, committed 21296K, reserved 1069056K
  class space    used 2555K, capacity 2646K, committed 2688K, reserved 1048576K
}
Event: 6,502 GC heap before
{Heap before GC invocations=7 (full 1):
 PSYoungGen      total 133120K, used 4048K [0x00000000eb700000, 0x00000000f4000000, 0x0000000100000000)
  eden space 126976K, 0% used [0x00000000eb700000,0x00000000eb700000,0x00000000f3300000)
  from space 6144K, 65% used [0x00000000f3a00000,0x00000000f3df4100,0x00000000f4000000)
  to   space 6656K, 0% used [0x00000000f3300000,0x00000000f3300000,0x00000000f3980000)
 ParOldGen       total 42496K, used 6828K [0x00000000c2400000, 0x00000000c4d80000, 0x00000000eb700000)
  object space 42496K, 16% used [0x00000000c2400000,0x00000000c2aab150,0x00000000c4d80000)
 Metaspace       used 20907K, capacity 21112K, committed 21296K, reserved 1069056K
  class space    used 2555K, capacity 2646K, committed 2688K, reserved 1048576K
Event: 6,544 GC heap after
Heap after GC invocations=7 (full 1):
 PSYoungGen      total 133120K, used 0K [0x00000000eb700000, 0x00000000f4000000, 0x0000000100000000)
  eden space 126976K, 0% used [0x00000000eb700000,0x00000000eb700000,0x00000000f3300000)
  from space 6144K, 0% used [0x00000000f3a00000,0x00000000f3a00000,0x00000000f4000000)
  to   space 6656K, 0% used [0x00000000f3300000,0x00000000f3300000,0x00000000f3980000)
 ParOldGen       total 33280K, used 8760K [0x00000000c2400000, 0x00000000c4480000, 0x00000000eb700000)
  object space 33280K, 26% used [0x00000000c2400000,0x00000000c2c8e260,0x00000000c4480000)
 Metaspace       used 20907K, capacity 21112K, committed 21296K, reserved 1069056K
  class space    used 2555K, capacity 2646K, committed 2688K, reserved 1048576K
}
Event: 9,193 GC heap before
{Heap before GC invocations=8 (full 1):
 PSYoungGen      total 133120K, used 126976K [0x00000000eb700000, 0x00000000f4000000, 0x0000000100000000)
  eden space 126976K, 100% used [0x00000000eb700000,0x00000000f3300000,0x00000000f3300000)
  from space 6144K, 0% used [0x00000000f3a00000,0x00000000f3a00000,0x00000000f4000000)
  to   space 6656K, 0% used [0x00000000f3300000,0x00000000f3300000,0x00000000f3980000)
 ParOldGen       total 33280K, used 8760K [0x00000000c2400000, 0x00000000c4480000, 0x00000000eb700000)
  object space 33280K, 26% used [0x00000000c2400000,0x00000000c2c8e260,0x00000000c4480000)
 Metaspace       used 28897K, capacity 29218K, committed 29568K, reserved 1075200K
  class space    used 3563K, capacity 3659K, committed 3712K, reserved 1048576K

