# JRE version: OpenJDK Runtime Environment (8.0_131-b11) (build 1.8.0_131-8u131-b11-2ubuntu1.16.04.3-b11)
# Java VM: OpenJDK 64-Bit Server VM (25.131-b11 mixed mode linux-amd64 compressed oops)
Heap:
 PSYoungGen      total 67584K, used 2579K [0x00000000eb700000, 0x00000000eff00000, 0x0000000100000000)
  eden space 62464K, 0% used [0x00000000eb700000,0x00000000eb700000,0x00000000ef400000)
  from space 5120K, 50% used [0x00000000ef400000,0x00000000ef684fd0,0x00000000ef900000)
  to   space 4096K, 0% used [0x00000000ef900000,0x00000000ef900000,0x00000000efd00000)
 ParOldGen       total 42496K, used 4174K [0x00000000c2400000, 0x00000000c4d80000, 0x00000000eb700000)
  object space 42496K, 9% used [0x00000000c2400000,0x00000000c2813a98,0x00000000c4d80000)
 Metaspace       used 20852K, capacity 21112K, committed 21296K, reserved 1069056K
  class space    used 2553K, capacity 2646K, committed 2688K, reserved 1048576K
GC Heap History (10 events):
Event: 2,534 GC heap after
Heap after GC invocations=4 (full 0):
 PSYoungGen      total 18432K, used 2546K [0x00000000eb700000, 0x00000000ecb80000, 0x0000000100000000)
  eden space 15872K, 0% used [0x00000000eb700000,0x00000000eb700000,0x00000000ec680000)
  from space 2560K, 99% used [0x00000000ec900000,0x00000000ecb7cbe0,0x00000000ecb80000)
  to   space 2560K, 0% used [0x00000000ec680000,0x00000000ec680000,0x00000000ec900000)
 ParOldGen       total 42496K, used 842K [0x00000000c2400000, 0x00000000c4d80000, 0x00000000eb700000)
  object space 42496K, 1% used [0x00000000c2400000,0x00000000c24d2b40,0x00000000c4d80000)
 Metaspace       used 9497K, capacity 9666K, committed 9984K, reserved 1058816K
  class space    used 1134K, capacity 1175K, committed 1280K, reserved 1048576K
}
Event: 2,674 GC heap before
{Heap before GC invocations=5 (full 0):
 PSYoungGen      total 18432K, used 18418K [0x00000000eb700000, 0x00000000ecb80000, 0x0000000100000000)
  eden space 15872K, 100% used [0x00000000eb700000,0x00000000ec680000,0x00000000ec680000)
  from space 2560K, 99% used [0x00000000ec900000,0x00000000ecb7cbe0,0x00000000ecb80000)
  to   space 2560K, 0% used [0x00000000ec680000,0x00000000ec680000,0x00000000ec900000)
 ParOldGen       total 42496K, used 842K [0x00000000c2400000, 0x00000000c4d80000, 0x00000000eb700000)
  object space 42496K, 1% used [0x00000000c2400000,0x00000000c24d2b40,0x00000000c4d80000)
 Metaspace       used 9910K, capacity 10082K, committed 10240K, reserved 1058816K
  class space    used 1188K, capacity 1207K, committed 1280K, reserved 1048576K
Event: 2,679 GC heap after
Heap after GC invocations=5 (full 0):
 PSYoungGen      total 18432K, used 2540K [0x00000000eb700000, 0x00000000edd00000, 0x0000000100000000)
  eden space 15872K, 0% used [0x00000000eb700000,0x00000000eb700000,0x00000000ec680000)
  from space 2560K, 99% used [0x00000000ec680000,0x00000000ec8fb370,0x00000000ec900000)
  to   space 3584K, 0% used [0x00000000ed980000,0x00000000ed980000,0x00000000edd00000)
 ParOldGen       total 42496K, used 1128K [0x00000000c2400000, 0x00000000c4d80000, 0x00000000eb700000)
  object space 42496K, 2% used [0x00000000c2400000,0x00000000c251a178,0x00000000c4d80000)
 Metaspace       used 9910K, capacity 10082K, committed 10240K, reserved 1058816K
  class space    used 1188K, capacity 1207K, committed 1280K, reserved 1048576K
}
Event: 2,685 GC heap before
{Heap before GC invocations=6 (full 0):
 PSYoungGen      total 18432K, used 18379K [0x00000000eb700000, 0x00000000edd00000, 0x0000000100000000)
  eden space 15872K, 99% used [0x00000000eb700000,0x00000000ec677b48,0x00000000ec680000)
  from space 2560K, 99% used [0x00000000ec680000,0x00000000ec8fb370,0x00000000ec900000)
  to   space 3584K, 0% used [0x00000000ed980000,0x00000000ed980000,0x00000000edd00000)
 ParOldGen       total 42496K, used 1128K [0x00000000c2400000, 0x00000000c4d80000, 0x00000000eb700000)
  object space 42496K, 2% used [0x00000000c2400000,0x00000000c251a178,0x00000000c4d80000)
 Metaspace       used 9910K, capacity 10082K, committed 10240K, reserved 1058816K
  class space    used 1188K, capacity 1207K, committed 1280K, reserved 1048576K
Event: 2,689 GC heap after
Heap after GC invocations=6 (full 0):
 PSYoungGen      total 35328K, used 2572K [0x00000000eb700000, 0x00000000edd00000, 0x0000000100000000)
  eden space 31744K, 0% used [0x00000000eb700000,0x00000000eb700000,0x00000000ed600000)
  from space 3584K, 71% used [0x00000000ed980000,0x00000000edc03148,0x00000000edd00000)
  to   space 3584K, 0% used [0x00000000ed600000,0x00000000ed600000,0x00000000ed980000)
 ParOldGen       total 42496K, used 1136K [0x00000000c2400000, 0x00000000c4d80000, 0x00000000eb700000)
  object space 42496K, 2% used [0x00000000c2400000,0x00000000c251c178,0x00000000c4d80000)
 Metaspace       used 9910K, capacity 10082K, committed 10240K, reserved 1058816K
  class space    used 1188K, capacity 1207K, committed 1280K, reserved 1048576K
}
Event: 3,835 GC heap before
{Heap before GC invocations=7 (full 0):
 PSYoungGen      total 35328K, used 34316K [0x00000000eb700000, 0x00000000edd00000, 0x0000000100000000)
  eden space 31744K, 100% used [0x00000000eb700000,0x00000000ed600000,0x00000000ed600000)
  from space 3584K, 71% used [0x00000000ed980000,0x00000000edc03148,0x00000000edd00000)
  to   space 3584K, 0% used [0x00000000ed600000,0x00000000ed600000,0x00000000ed980000)
 ParOldGen       total 42496K, used 1136K [0x00000000c2400000, 0x00000000c4d80000, 0x00000000eb700000)
  object space 42496K, 2% used [0x00000000c2400000,0x00000000c251c178,0x00000000c4d80000)
 Metaspace       used 15557K, capacity 15762K, committed 16128K, reserved 1062912K
  class space    used 1879K, capacity 1951K, committed 2048K, reserved 1048576K
Event: 3,867 GC heap after
Heap after GC invocations=7 (full 0):
 PSYoungGen      total 35328K, used 3478K [0x00000000eb700000, 0x00000000efd00000, 0x0000000100000000)
  eden space 31744K, 0% used [0x00000000eb700000,0x00000000eb700000,0x00000000ed600000)
  from space 3584K, 97% used [0x00000000ed600000,0x00000000ed9658f0,0x00000000ed980000)
  to   space 4096K, 0% used [0x00000000ef900000,0x00000000ef900000,0x00000000efd00000)
 ParOldGen       total 42496K, used 2569K [0x00000000c2400000, 0x00000000c4d80000, 0x00000000eb700000)
  object space 42496K, 6% used [0x00000000c2400000,0x00000000c26826a8,0x00000000c4d80000)
 Metaspace       used 15557K, capacity 15762K, committed 16128K, reserved 1062912K
  class space    used 1879K, capacity 1951K, committed 2048K, reserved 1048576K
}
Event: 5,028 GC heap before
{Heap before GC invocations=8 (full 0):
 PSYoungGen      total 35328K, used 35222K [0x00000000eb700000, 0x00000000efd00000, 0x0000000100000000)
  eden space 31744K, 100% used [0x00000000eb700000,0x00000000ed600000,0x00000000ed600000)
  from space 3584K, 97% used [0x00000000ed600000,0x00000000ed9658f0,0x00000000ed980000)
  to   space 4096K, 0% used [0x00000000ef900000,0x00000000ef900000,0x00000000efd00000)
 ParOldGen       total 42496K, used 2569K [0x00000000c2400000, 0x00000000c4d80000, 0x00000000eb700000)
  object space 42496K, 6% used [0x00000000c2400000,0x00000000c26826a8,0x00000000c4d80000)
 Metaspace       used 19830K, capacity 20088K, committed 20224K, reserved 1067008K
  class space    used 2432K, capacity 2518K, committed 2560K, reserved 1048576K
Event: 5,047 GC heap after
Heap after GC invocations=8 (full 0):
 PSYoungGen      total 66560K, used 4092K [0x00000000eb700000, 0x00000000eff00000, 0x0000000100000000)
  eden space 62464K, 0% used [0x00000000eb700000,0x00000000eb700000,0x00000000ef400000)
  from space 4096K, 99% used [0x00000000ef900000,0x00000000efcff168,0x00000000efd00000)
  to   space 5120K, 0% used [0x00000000ef400000,0x00000000ef400000,0x00000000ef900000)
 ParOldGen       total 42496K, used 3832K [0x00000000c2400000, 0x00000000c4d80000, 0x00000000eb700000)
  object space 42496K, 9% used [0x00000000c2400000,0x00000000c27be058,0x00000000c4d80000)
 Metaspace       used 19830K, capacity 20088K, committed 20224K, reserved 1067008K
  class space    used 2432K, capacity 2518K, committed 2560K, reserved 1048576K
}
Event: 5,241 GC heap before
{Heap before GC invocations=9 (full 0):
 PSYoungGen      total 66560K, used 12126K [0x00000000eb700000, 0x00000000eff00000, 0x0000000100000000)
  eden space 62464K, 12% used [0x00000000eb700000,0x00000000ebed8978,0x00000000ef400000)
  from space 4096K, 99% used [0x00000000ef900000,0x00000000efcff168,0x00000000efd00000)
  to   space 5120K, 0% used [0x00000000ef400000,0x00000000ef400000,0x00000000ef900000)
 ParOldGen       total 42496K, used 3832K [0x00000000c2400000, 0x00000000c4d80000, 0x00000000eb700000)
  object space 42496K, 9% used [0x00000000c2400000,0x00000000c27be058,0x00000000c4d80000)
 Metaspace       used 20852K, capacity 21112K, committed 21296K, reserved 1069056K
  class space    used 2553K, capacity 2646K, committed 2688K, reserved 1048576K

